<?xml version="1.0" encoding="UTF-8"?>
<!-- Generated by org.testng.reporters.JUnitReportReporter -->
<testsuite hostname="DESKTOP-LTMRD99" name="QAClick.LoginTest" tests="2" failures="0" timestamp="13 Sep 2019 01:41:18 GMT" time="31.334" errors="0">
  <testcase name="HomePageNavigation" time="11.068" classname="QAClick.LoginTest"/>
  <testcase name="HomePageNavigation" time="20.266" classname="QAClick.LoginTest"/>
</testsuite> <!-- QAClick.LoginTest -->
