<?xml version="1.0" encoding="UTF-8"?>
<!-- Generated by org.testng.reporters.JUnitReportReporter -->
<testsuite hostname="DESKTOP-LTMRD99" name="QAClick.ValidateTitle" tests="1" failures="0" timestamp="13 Sep 2019 01:41:18 GMT" time="0.256" errors="0">
  <testcase name="HomePageNavigation" time="0.256" classname="QAClick.ValidateTitle"/>
</testsuite> <!-- QAClick.ValidateTitle -->
